<?xml version="1.0" encoding="UTF-8"?>
<!-- Generated by org.testng.reporters.JUnitXMLReporter -->
<testsuite ignored="10" hostname="DESKTOP-EJSCT7I" failures="0" tests="1" name="Default test" time="34.658" errors="0" timestamp="2026-06-28T22:09:13 IST">
  <testcase classname="com.framework.tests.LoginTest" name="verifyValidLogin11" time="19.286"/>
  <testcase classname="com.framework.tests.LoginTest" name="verifyInvalidLogin" time="0.0">
    <ignored/>
  </testcase> <!-- verifyInvalidLogin -->
  <testcase classname="com.framework.tests.LoginTest" name="verifyHomePage" time="0.0">
    <ignored/>
  </testcase> <!-- verifyHomePage -->
  <testcase classname="com.framework.tests.LoginTest" name="verifyRandomUserData" time="0.0">
    <ignored/>
  </testcase> <!-- verifyRandomUserData -->
  <testcase classname="com.framework.tests.LoginTest" name="verifyProduct" time="0.0">
    <ignored/>
  </testcase> <!-- verifyProduct -->
  <testcase classname="com.framework.tests.LoginTest" name="verifyAllProductsbyCsv" time="0.0">
    <ignored/>
  </testcase> <!-- verifyAllProductsbyCsv -->
  <testcase classname="com.framework.tests.LoginTest" name="verifyLoginTestProductionReady" time="0.0">
    <ignored/>
  </testcase> <!-- verifyLoginTestProductionReady -->
  <testcase classname="com.framework.tests.LoginTest" name="verifyValidLogin1" time="0.0">
    <ignored/>
  </testcase> <!-- verifyValidLogin1 -->
  <testcase classname="com.framework.tests.LoginTest" name="verifyLogout" time="0.0">
    <ignored/>
  </testcase> <!-- verifyLogout -->
  <testcase classname="com.framework.tests.LoginTest" name="verifyValidLogin" time="0.0">
    <ignored/>
  </testcase> <!-- verifyValidLogin -->
  <testcase classname="com.framework.tests.LoginTest" name="verifyLogin" time="0.0">
    <ignored/>
  </testcase> <!-- verifyLogin -->
</testsuite> <!-- Default test -->
