<?xml version="1.0" encoding="UTF-8"?>
<testng-results ignored="10" total="11" passed="1" failed="0" skipped="0">
  <reporter-output>
  </reporter-output>
  <suite started-at="2026-06-28T22:08:38 IST" name="Default suite" finished-at="2026-06-28T22:09:13 IST" duration-ms="34658">
    <groups>
    </groups>
    <test started-at="2026-06-28T22:08:38 IST" name="Default test" finished-at="2026-06-28T22:09:13 IST" duration-ms="34658">
      <class name="com.framework.tests.LoginTest">
        <test-method is-config="true" signature="setup()[pri:0, instance:com.framework.tests.LoginTest@4648ce9]" started-at="2026-06-28T22:08:38 IST" name="setup" finished-at="2026-06-28T22:08:47 IST" duration-ms="8389" status="PASS">
          <reporter-output>
          </reporter-output>
        </test-method> <!-- setup -->
        <test-method is-config="true" signature="setup(java.lang.String)[pri:0, instance:com.framework.tests.LoginTest@4648ce9]" started-at="2026-06-28T22:08:47 IST" name="setup" finished-at="2026-06-28T22:08:51 IST" duration-ms="4133" status="PASS">
          <params>
            <param index="0">
              <value>
                <![CDATA[qa]]>
              </value>
            </param>
          </params>
          <reporter-output>
          </reporter-output>
        </test-method> <!-- setup -->
        <test-method signature="verifyValidLogin11()[pri:0, instance:com.framework.tests.LoginTest@4648ce9]" started-at="2026-06-28T22:08:51 IST" name="verifyValidLogin11" finished-at="2026-06-28T22:09:10 IST" duration-ms="19286" status="PASS">
          <reporter-output>
          </reporter-output>
        </test-method> <!-- verifyValidLogin11 -->
        <test-method is-config="true" signature="tearDown()[pri:0, instance:com.framework.tests.LoginTest@4648ce9]" started-at="2026-06-28T22:09:10 IST" name="tearDown" finished-at="2026-06-28T22:09:13 IST" duration-ms="2361" status="PASS">
          <reporter-output>
          </reporter-output>
        </test-method> <!-- tearDown -->
      </class> <!-- com.framework.tests.LoginTest -->
    </test> <!-- Default test -->
  </suite> <!-- Default suite -->
</testng-results>
