<?xml version="1.0" encoding="UTF-8"?>
<!-- Generated by org.testng.reporters.JUnitReportReporter -->
<testsuite hostname="DESKTOP-EJSCT7I" failures="0" tests="3" name="com.framework.runners.TestRunner" time="129.576" errors="0" timestamp="2026-06-13T18:31:51 IST" skipped="0">
  <testcase classname="com.framework.runners.TestRunner" name="runScenario" time="45.663"/>
  <testcase classname="com.framework.runners.TestRunner" name="runScenario" time="41.940"/>
  <testcase classname="com.framework.runners.TestRunner" name="runScenario" time="41.973"/>
</testsuite> <!-- com.framework.runners.TestRunner -->
