<?xml version="1.0" encoding="UTF-8"?>
<!-- Generated by org.testng.reporters.JUnitReportReporter -->
<testsuite hostname="DESKTOP-EJSCT7I" failures="0" tests="2" name="com.framework.tests.ProductSearchTest" time="155.260" errors="0" timestamp="2026-06-10T14:15:50 IST" skipped="0">
  <testcase classname="com.framework.tests.ProductSearchTest" name="verifyValidLogin" time="52.501"/>
  <testcase classname="com.framework.tests.ProductSearchTest" name="verifySearchProduct" time="102.759"/>
</testsuite> <!-- com.framework.tests.ProductSearchTest -->
